Traceback (most recent call last):
  File "temp.py", line 10, in <module>
    device_folder = glob.glob(base_dir + '28*')[0]
IndexError: list index out of range
Traceback (most recent call last):
  File "temp.py", line 5, in <module>
    import configparser
ImportError: No module named configparser
Traceback (most recent call last):
  File "temp.py", line 5, in <module>
    import configparser
ImportError: No module named configparser
Traceback (most recent call last):
  File "temp.py", line 6, in <module>
    import requests
ImportError: No module named requests
Traceback (most recent call last):
  File "temp.py", line 5, in <module>
    import configparser
ImportError: No module named configparser
python: can't open file 'temp.pi': [Errno 2] No such file or directory
http://pcccdc.us/update_temp.php?temp=58.55&device_id=pi_1
http://pcccdc.us/update_temp.php?temp=59.7866&device_id=pi_1
http://pcccdc.us/update_temp.php?temp=60.125&device_id=pi_1
http://pcccdc.us/update_temp.php?temp=59.675&device_id=pi_1
http://pcccdc.us/update_temp.php?temp=59.45&device_id=pi_1
http://pcccdc.us/update_temp.php?temp=59.225&device_id=pi_1
http://pcccdc.us/update_temp.php?temp=59.1116&device_id=pi_1
http://pcccdc.us/update_temp.php?temp=59.1116&device_id=pi_1
http://pcccdc.us/update_temp.php?temp=59.0&device_id=pi_1
http://pcccdc.us/update_temp.php?temp=59.0&device_id=pi_1
http://pcccdc.us/update_temp.php?temp=58.8866&device_id=pi_1
http://pcccdc.us/update_temp.php?temp=58.8866&device_id=pi_1
http://pcccdc.us/update_temp.php?temp=58.775&device_id=pi_1
http://pcccdc.us/update_temp.php?temp=58.775&device_id=pi_1
http://pcccdc.us/update_temp.php?temp=58.775&device_id=pi_1
http://pcccdc.us/update_temp.php?temp=58.775&device_id=pi_1
http://pcccdc.us/update_temp.php?temp=58.775&device_id=pi_1
http://pcccdc.us/update_temp.php?temp=58.775&device_id=pi_1
http://pcccdc.us/update_temp.php?temp=58.775&device_id=pi_1
http://pcccdc.us/update_temp.php?temp=58.6616&device_id=pi_1
http://pcccdc.us/update_temp.php?temp=58.6616&device_id=pi_1
http://pcccdc.us/update_temp.php?temp=58.6616&device_id=pi_1
http://pcccdc.us/update_temp.php?temp=58.6616&device_id=pi_1
http://pcccdc.us/update_temp.php?temp=58.6616&device_id=pi_1
http://pcccdc.us/update_temp.php?temp=58.6616&device_id=pi_1
http://pcccdc.us/update_temp.php?temp=58.6616&device_id=pi_1
http://pcccdc.us/update_temp.php?temp=58.6616&device_id=pi_1
http://pcccdc.us/update_temp.php?temp=58.6616&device_id=pi_1
http://pcccdc.us/update_temp.php?temp=58.6616&device_id=pi_1
http://pcccdc.us/update_temp.php?temp=58.775&device_id=pi_1
http://pcccdc.us/update_temp.php?temp=58.775&device_id=pi_1
http://pcccdc.us/update_temp.php?temp=58.775&device_id=pi_1
http://pcccdc.us/update_temp.php?temp=58.775&device_id=pi_1
http://pcccdc.us/update_temp.php?temp=58.775&device_id=pi_1
http://pcccdc.us/update_temp.php?temp=58.775&device_id=pi_1
http://pcccdc.us/update_temp.php?temp=58.775&device_id=pi_1
http://pcccdc.us/update_temp.php?temp=58.8866&device_id=pi_1
http://pcccdc.us/update_temp.php?temp=58.8866&device_id=pi_1
http://pcccdc.us/update_temp.php?temp=58.8866&device_id=pi_1
http://pcccdc.us/update_temp.php?temp=59.0&device_id=pi_1
http://pcccdc.us/update_temp.php?temp=59.0&device_id=pi_1
http://pcccdc.us/update_temp.php?temp=59.1116&device_id=pi_1
http://pcccdc.us/update_temp.php?temp=59.1116&device_id=pi_1
http://pcccdc.us/update_temp.php?temp=59.225&device_id=pi_1
http://pcccdc.us/update_temp.php?temp=59.225&device_id=pi_1
http://pcccdc.us/update_temp.php?temp=59.3366&device_id=pi_1
http://pcccdc.us/update_temp.php?temp=59.3366&device_id=pi_1
http://pcccdc.us/update_temp.php?temp=59.3366&device_id=pi_1
http://pcccdc.us/update_temp.php?temp=59.45&device_id=pi_1
http://pcccdc.us/update_temp.php?temp=59.45&device_id=pi_1
http://pcccdc.us/update_temp.php?temp=59.45&device_id=pi_1
http://pcccdc.us/update_temp.php?temp=59.5616&device_id=pi_1
http://pcccdc.us/update_temp.php?temp=59.5616&device_id=pi_1
http://pcccdc.us/update_temp.php?temp=59.675&device_id=pi_1
http://pcccdc.us/update_temp.php?temp=59.675&device_id=pi_1
http://pcccdc.us/update_temp.php?temp=59.7866&device_id=pi_1
http://pcccdc.us/update_temp.php?temp=59.7866&device_id=pi_1
http://pcccdc.us/update_temp.php?temp=59.9&device_id=pi_1
http://pcccdc.us/update_temp.php?temp=59.9&device_id=pi_1
http://pcccdc.us/update_temp.php?temp=59.9&device_id=pi_1
http://pcccdc.us/update_temp.php?temp=60.0116&device_id=pi_1
http://pcccdc.us/update_temp.php?temp=60.0116&device_id=pi_1
http://pcccdc.us/update_temp.php?temp=60.0116&device_id=pi_1
http://pcccdc.us/update_temp.php?temp=60.125&device_id=pi_1
http://pcccdc.us/update_temp.php?temp=60.125&device_id=pi_1
http://pcccdc.us/update_temp.php?temp=60.125&device_id=pi_1
http://pcccdc.us/update_temp.php?temp=60.125&device_id=pi_1
http://pcccdc.us/update_temp.php?temp=60.2366&device_id=pi_1
http://pcccdc.us/update_temp.php?temp=60.2366&device_id=pi_1
http://pcccdc.us/update_temp.php?temp=60.2366&device_id=pi_1
http://pcccdc.us/update_temp.php?temp=60.2366&device_id=pi_1
http://pcccdc.us/update_temp.php?temp=60.35&device_id=pi_1
http://pcccdc.us/update_temp.php?temp=60.35&device_id=pi_1
http://pcccdc.us/update_temp.php?temp=60.35&device_id=pi_1
http://pcccdc.us/update_temp.php?temp=60.35&device_id=pi_1
http://pcccdc.us/update_temp.php?temp=60.35&device_id=pi_1
http://pcccdc.us/update_temp.php?temp=60.4616&device_id=pi_1
http://pcccdc.us/update_temp.php?temp=60.4616&device_id=pi_1
http://pcccdc.us/update_temp.php?temp=60.4616&device_id=pi_1
http://pcccdc.us/update_temp.php?temp=60.4616&device_id=pi_1
http://pcccdc.us/update_temp.php?temp=60.575&device_id=pi_1
http://pcccdc.us/update_temp.php?temp=60.575&device_id=pi_1
http://pcccdc.us/update_temp.php?temp=60.575&device_id=pi_1
http://pcccdc.us/update_temp.php?temp=60.575&device_id=pi_1
http://pcccdc.us/update_temp.php?temp=60.575&device_id=pi_1
http://pcccdc.us/update_temp.php?temp=60.575&device_id=pi_1
http://pcccdc.us/update_temp.php?temp=60.575&device_id=pi_1
http://pcccdc.us/update_temp.php?temp=60.575&device_id=pi_1
http://pcccdc.us/update_temp.php?temp=60.575&device_id=pi_1
http://pcccdc.us/update_temp.php?temp=60.575&device_id=pi_1
http://pcccdc.us/update_temp.php?temp=60.575&device_id=pi_1
http://pcccdc.us/update_temp.php?temp=60.575&device_id=pi_1
http://pcccdc.us/update_temp.php?temp=60.575&device_id=pi_1
http://pcccdc.us/update_temp.php?temp=60.6866&device_id=pi_1
http://pcccdc.us/update_temp.php?temp=60.575&device_id=pi_1
http://pcccdc.us/update_temp.php?temp=60.575&device_id=pi_1
http://pcccdc.us/update_temp.php?temp=60.575&device_id=pi_1
http://pcccdc.us/update_temp.php?temp=60.575&device_id=pi_1
http://pcccdc.us/update_temp.php?temp=60.575&device_id=pi_1
http://pcccdc.us/update_temp.php?temp=60.575&device_id=pi_1
http://pcccdc.us/update_temp.php?temp=60.6866&device_id=pi_1
http://pcccdc.us/update_temp.php?temp=60.6866&device_id=pi_1
http://pcccdc.us/update_temp.php?temp=60.575&device_id=pi_1
http://pcccdc.us/update_temp.php?temp=60.6866&device_id=pi_1
http://pcccdc.us/update_temp.php?temp=60.6866&device_id=pi_1
http://pcccdc.us/update_temp.php?temp=60.6866&device_id=pi_1
http://pcccdc.us/update_temp.php?temp=60.6866&device_id=pi_1
http://pcccdc.us/update_temp.php?temp=60.6866&device_id=pi_1
http://pcccdc.us/update_temp.php?temp=60.6866&device_id=pi_1
http://pcccdc.us/update_temp.php?temp=60.575&device_id=pi_1
http://pcccdc.us/update_temp.php?temp=60.4616&device_id=pi_1
http://pcccdc.us/update_temp.php?temp=60.4616&device_id=pi_1
http://pcccdc.us/update_temp.php?temp=60.35&device_id=pi_1
http://pcccdc.us/update_temp.php?temp=60.35&device_id=pi_1
http://pcccdc.us/update_temp.php?temp=60.35&device_id=pi_1
http://pcccdc.us/update_temp.php?temp=60.2366&device_id=pi_1
http://pcccdc.us/update_temp.php?temp=60.2366&device_id=pi_1
http://pcccdc.us/update_temp.php?temp=60.125&device_id=pi_1
http://pcccdc.us/update_temp.php?temp=60.125&device_id=pi_1
http://pcccdc.us/update_temp.php?temp=60.0116&device_id=pi_1
http://pcccdc.us/update_temp.php?temp=60.125&device_id=pi_1
http://pcccdc.us/update_temp.php?temp=60.0116&device_id=pi_1
http://pcccdc.us/update_temp.php?temp=60.0116&device_id=pi_1
http://pcccdc.us/update_temp.php?temp=60.0116&device_id=pi_1
http://pcccdc.us/update_temp.php?temp=60.0116&device_id=pi_1
http://pcccdc.us/update_temp.php?temp=59.9&device_id=pi_1
http://pcccdc.us/update_temp.php?temp=59.9&device_id=pi_1
http://pcccdc.us/update_temp.php?temp=59.9&device_id=pi_1
http://pcccdc.us/update_temp.php?temp=59.9&device_id=pi_1
http://pcccdc.us/update_temp.php?temp=59.9&device_id=pi_1
http://pcccdc.us/update_temp.php?temp=59.9&device_id=pi_1
http://pcccdc.us/update_temp.php?temp=59.9&device_id=pi_1
http://pcccdc.us/update_temp.php?temp=59.9&device_id=pi_1
http://pcccdc.us/update_temp.php?temp=59.9&device_id=pi_1
http://pcccdc.us/update_temp.php?temp=59.9&device_id=pi_1
http://pcccdc.us/update_temp.php?temp=59.7866&device_id=pi_1
http://pcccdc.us/update_temp.php?temp=59.7866&device_id=pi_1
http://pcccdc.us/update_temp.php?temp=59.7866&device_id=pi_1
http://pcccdc.us/update_temp.php?temp=59.7866&device_id=pi_1
http://pcccdc.us/update_temp.php?temp=59.7866&device_id=pi_1
http://pcccdc.us/update_temp.php?temp=59.7866&device_id=pi_1
http://pcccdc.us/update_temp.php?temp=59.675&device_id=pi_1
http://pcccdc.us/update_temp.php?temp=59.675&device_id=pi_1
http://pcccdc.us/update_temp.php?temp=59.675&device_id=pi_1
http://pcccdc.us/update_temp.php?temp=59.675&device_id=pi_1
http://pcccdc.us/update_temp.php?temp=59.675&device_id=pi_1
http://pcccdc.us/update_temp.php?temp=59.675&device_id=pi_1
http://pcccdc.us/update_temp.php?temp=59.5616&device_id=pi_1
http://pcccdc.us/update_temp.php?temp=59.5616&device_id=pi_1
http://pcccdc.us/update_temp.php?temp=59.5616&device_id=pi_1
http://pcccdc.us/update_temp.php?temp=59.5616&device_id=pi_1
http://pcccdc.us/update_temp.php?temp=59.5616&device_id=pi_1
http://pcccdc.us/update_temp.php?temp=59.5616&device_id=pi_1
http://pcccdc.us/update_temp.php?temp=59.5616&device_id=pi_1
http://pcccdc.us/update_temp.php?temp=59.45&device_id=pi_1
http://pcccdc.us/update_temp.php?temp=59.45&device_id=pi_1
http://pcccdc.us/update_temp.php?temp=59.45&device_id=pi_1
http://pcccdc.us/update_temp.php?temp=59.45&device_id=pi_1
http://pcccdc.us/update_temp.php?temp=59.3366&device_id=pi_1
http://pcccdc.us/update_temp.php?temp=59.3366&device_id=pi_1
http://pcccdc.us/update_temp.php?temp=59.3366&device_id=pi_1
http://pcccdc.us/update_temp.php?temp=59.3366&device_id=pi_1
http://pcccdc.us/update_temp.php?temp=59.3366&device_id=pi_1
http://pcccdc.us/update_temp.php?temp=59.225&device_id=pi_1
http://pcccdc.us/update_temp.php?temp=59.225&device_id=pi_1
http://pcccdc.us/update_temp.php?temp=59.225&device_id=pi_1
http://pcccdc.us/update_temp.php?temp=59.45&device_id=pi_1
http://pcccdc.us/update_temp.php?temp=59.45&device_id=pi_1
http://pcccdc.us/update_temp.php?temp=59.3366&device_id=pi_1
http://pcccdc.us/update_temp.php?temp=59.3366&device_id=pi_1
http://pcccdc.us/update_temp.php?temp=59.3366&device_id=pi_1
http://pcccdc.us/update_temp.php?temp=59.3366&device_id=pi_1
http://pcccdc.us/update_temp.php?temp=59.3366&device_id=pi_1
http://pcccdc.us/update_temp.php?temp=59.3366&device_id=pi_1
http://pcccdc.us/update_temp.php?temp=59.3366&device_id=pi_1
http://pcccdc.us/update_temp.php?temp=59.3366&device_id=pi_1
http://pcccdc.us/update_temp.php?temp=59.225&device_id=pi_1
http://pcccdc.us/update_temp.php?temp=59.3366&device_id=pi_1
http://pcccdc.us/update_temp.php?temp=59.225&device_id=pi_1
http://pcccdc.us/update_temp.php?temp=59.225&device_id=pi_1
http://pcccdc.us/update_temp.php?temp=59.225&device_id=pi_1
http://pcccdc.us/update_temp.php?temp=59.1116&device_id=pi_1
http://pcccdc.us/update_temp.php?temp=59.1116&device_id=pi_1
http://pcccdc.us/update_temp.php?temp=59.0&device_id=pi_1
http://pcccdc.us/update_temp.php?temp=59.0&device_id=pi_1
http://pcccdc.us/update_temp.php?temp=58.8866&device_id=pi_1
http://pcccdc.us/update_temp.php?temp=58.8866&device_id=pi_1
http://pcccdc.us/update_temp.php?temp=58.8866&device_id=pi_1
http://pcccdc.us/update_temp.php?temp=58.775&device_id=pi_1
http://pcccdc.us/update_temp.php?temp=58.775&device_id=pi_1
http://pcccdc.us/update_temp.php?temp=58.775&device_id=pi_1
http://pcccdc.us/update_temp.php?temp=58.775&device_id=pi_1
http://pcccdc.us/update_temp.php?temp=58.775&device_id=pi_1
http://pcccdc.us/update_temp.php?temp=58.6616&device_id=pi_1
http://pcccdc.us/update_temp.php?temp=58.6616&device_id=pi_1
http://pcccdc.us/update_temp.php?temp=58.6616&device_id=pi_1
http://pcccdc.us/update_temp.php?temp=58.775&device_id=pi_1
http://pcccdc.us/update_temp.php?temp=58.775&device_id=pi_1
http://pcccdc.us/update_temp.php?temp=58.8866&device_id=pi_1
http://pcccdc.us/update_temp.php?temp=58.8866&device_id=pi_1
http://pcccdc.us/update_temp.php?temp=58.8866&device_id=pi_1
http://pcccdc.us/update_temp.php?temp=58.775&device_id=pi_1
http://pcccdc.us/update_temp.php?temp=58.775&device_id=pi_1
http://pcccdc.us/update_temp.php?temp=58.775&device_id=pi_1
http://pcccdc.us/update_temp.php?temp=58.775&device_id=pi_1
http://pcccdc.us/update_temp.php?temp=58.775&device_id=pi_1
http://pcccdc.us/update_temp.php?temp=58.6616&device_id=pi_1
http://pcccdc.us/update_temp.php?temp=58.6616&device_id=pi_1
http://pcccdc.us/update_temp.php?temp=58.6616&device_id=pi_1
http://pcccdc.us/update_temp.php?temp=58.6616&device_id=pi_1
http://pcccdc.us/update_temp.php?temp=58.6616&device_id=pi_1
http://pcccdc.us/update_temp.php?temp=58.6616&device_id=pi_1
http://pcccdc.us/update_temp.php?temp=58.55&device_id=pi_1
http://pcccdc.us/update_temp.php?temp=58.55&device_id=pi_1
http://pcccdc.us/update_temp.php?temp=58.55&device_id=pi_1
http://pcccdc.us/update_temp.php?temp=58.55&device_id=pi_1
http://pcccdc.us/update_temp.php?temp=58.6616&device_id=pi_1
http://pcccdc.us/update_temp.php?temp=58.6616&device_id=pi_1
http://pcccdc.us/update_temp.php?temp=58.6616&device_id=pi_1
http://pcccdc.us/update_temp.php?temp=58.775&device_id=pi_1
http://pcccdc.us/update_temp.php?temp=58.775&device_id=pi_1
http://pcccdc.us/update_temp.php?temp=58.775&device_id=pi_1
http://pcccdc.us/update_temp.php?temp=58.775&device_id=pi_1
http://pcccdc.us/update_temp.php?temp=58.775&device_id=pi_1
http://pcccdc.us/update_temp.php?temp=58.775&device_id=pi_1
http://pcccdc.us/update_temp.php?temp=58.775&device_id=pi_1
http://pcccdc.us/update_temp.php?temp=58.8866&device_id=pi_1
http://pcccdc.us/update_temp.php?temp=59.0&device_id=pi_1
http://pcccdc.us/update_temp.php?temp=59.0&device_id=pi_1
http://pcccdc.us/update_temp.php?temp=59.1116&device_id=pi_1
http://pcccdc.us/update_temp.php?temp=59.1116&device_id=pi_1
http://pcccdc.us/update_temp.php?temp=59.1116&device_id=pi_1
http://pcccdc.us/update_temp.php?temp=59.225&device_id=pi_1
http://pcccdc.us/update_temp.php?temp=59.225&device_id=pi_1
http://pcccdc.us/update_temp.php?temp=59.3366&device_id=pi_1
http://pcccdc.us/update_temp.php?temp=59.3366&device_id=pi_1
http://pcccdc.us/update_temp.php?temp=59.3366&device_id=pi_1
http://pcccdc.us/update_temp.php?temp=59.3366&device_id=pi_1
http://pcccdc.us/update_temp.php?temp=59.3366&device_id=pi_1
http://pcccdc.us/update_temp.php?temp=59.45&device_id=pi_1
http://pcccdc.us/update_temp.php?temp=59.45&device_id=pi_1
http://pcccdc.us/update_temp.php?temp=59.45&device_id=pi_1
http://pcccdc.us/update_temp.php?temp=59.45&device_id=pi_1
http://pcccdc.us/update_temp.php?temp=59.45&device_id=pi_1
http://pcccdc.us/update_temp.php?temp=59.45&device_id=pi_1
http://pcccdc.us/update_temp.php?temp=59.45&device_id=pi_1
http://pcccdc.us/update_temp.php?temp=59.45&device_id=pi_1
http://pcccdc.us/update_temp.php?temp=59.3366&device_id=pi_1
http://pcccdc.us/update_temp.php?temp=59.3366&device_id=pi_1
http://pcccdc.us/update_temp.php?temp=59.3366&device_id=pi_1
http://pcccdc.us/update_temp.php?temp=59.3366&device_id=pi_1
http://pcccdc.us/update_temp.php?temp=59.3366&device_id=pi_1
http://pcccdc.us/update_temp.php?temp=59.3366&device_id=pi_1
http://pcccdc.us/update_temp.php?temp=59.3366&device_id=pi_1
http://pcccdc.us/update_temp.php?temp=59.3366&device_id=pi_1
http://pcccdc.us/update_temp.php?temp=59.225&device_id=pi_1
http://pcccdc.us/update_temp.php?temp=59.1116&device_id=pi_1
http://pcccdc.us/update_temp.php?temp=59.1116&device_id=pi_1
http://pcccdc.us/update_temp.php?temp=59.1116&device_id=pi_1
http://pcccdc.us/update_temp.php?temp=59.1116&device_id=pi_1
http://pcccdc.us/update_temp.php?temp=59.1116&device_id=pi_1
http://pcccdc.us/update_temp.php?temp=59.0&device_id=pi_1
http://pcccdc.us/update_temp.php?temp=59.0&device_id=pi_1
http://pcccdc.us/update_temp.php?temp=58.8866&device_id=pi_1
http://pcccdc.us/update_temp.php?temp=58.8866&device_id=pi_1
http://pcccdc.us/update_temp.php?temp=58.8866&device_id=pi_1
http://pcccdc.us/update_temp.php?temp=58.8866&device_id=pi_1
http://pcccdc.us/update_temp.php?temp=58.8866&device_id=pi_1
http://pcccdc.us/update_temp.php?temp=58.8866&device_id=pi_1
http://pcccdc.us/update_temp.php?temp=59.0&device_id=pi_1
http://pcccdc.us/update_temp.php?temp=59.0&device_id=pi_1
http://pcccdc.us/update_temp.php?temp=59.0&device_id=pi_1
http://pcccdc.us/update_temp.php?temp=59.0&device_id=pi_1
http://pcccdc.us/update_temp.php?temp=58.8866&device_id=pi_1
http://pcccdc.us/update_temp.php?temp=58.8866&device_id=pi_1
http://pcccdc.us/update_temp.php?temp=58.775&device_id=pi_1
http://pcccdc.us/update_temp.php?temp=58.775&device_id=pi_1
http://pcccdc.us/update_temp.php?temp=58.775&device_id=pi_1
http://pcccdc.us/update_temp.php?temp=58.775&device_id=pi_1
http://pcccdc.us/update_temp.php?temp=58.775&device_id=pi_1
http://pcccdc.us/update_temp.php?temp=58.6616&device_id=pi_1
http://pcccdc.us/update_temp.php?temp=58.6616&device_id=pi_1
http://pcccdc.us/update_temp.php?temp=58.6616&device_id=pi_1
http://pcccdc.us/update_temp.php?temp=58.55&device_id=pi_1
http://pcccdc.us/update_temp.php?temp=58.55&device_id=pi_1
http://pcccdc.us/update_temp.php?temp=58.55&device_id=pi_1
http://pcccdc.us/update_temp.php?temp=58.4366&device_id=pi_1
http://pcccdc.us/update_temp.php?temp=58.4366&device_id=pi_1
http://pcccdc.us/update_temp.php?temp=58.4366&device_id=pi_1
http://pcccdc.us/update_temp.php?temp=58.4366&device_id=pi_1
http://pcccdc.us/update_temp.php?temp=58.4366&device_id=pi_1
http://pcccdc.us/update_temp.php?temp=58.325&device_id=pi_1
http://pcccdc.us/update_temp.php?temp=58.325&device_id=pi_1
http://pcccdc.us/update_temp.php?temp=58.325&device_id=pi_1
http://pcccdc.us/update_temp.php?temp=58.325&device_id=pi_1
http://pcccdc.us/update_temp.php?temp=58.325&device_id=pi_1
http://pcccdc.us/update_temp.php?temp=58.325&device_id=pi_1
http://pcccdc.us/update_temp.php?temp=58.325&device_id=pi_1
http://pcccdc.us/update_temp.php?temp=58.2116&device_id=pi_1
http://pcccdc.us/update_temp.php?temp=58.2116&device_id=pi_1
http://pcccdc.us/update_temp.php?temp=58.2116&device_id=pi_1
http://pcccdc.us/update_temp.php?temp=58.2116&device_id=pi_1
http://pcccdc.us/update_temp.php?temp=32.0&device_id=pi_1
http://pcccdc.us/update_temp.php?temp=32.0&device_id=pi_1
http://pcccdc.us/update_temp.php?temp=32.0&device_id=pi_1
http://pcccdc.us/update_temp.php?temp=32.0&device_id=pi_1
Traceback (most recent call last):
  File "temp.py", line 47, in <module>
    payload = {'temp' : read_temp()[1], 'device_id' : name}
  File "temp.py", line 22, in read_temp
    lines = read_temp_raw() # Read the temperature 'device file'
  File "temp.py", line 15, in read_temp_raw
    f = open(device_file, 'r') # Opens the temperature device file
IOError: [Errno 2] No such file or directory: '/sys/bus/w1/devices/28-041782347bff/w1_slave'
